<?xml version="1.0" encoding="UTF-8"?>
<!-- Generated by org.testng.reporters.JUnitReportReporter -->
<testsuite hostname="Air.local" failures="0" tests="2" name="rahulshettyacademy.test.SubmitOrder" time="30.272" errors="0" timestamp="2023-02-17T12:24:35 IST" skipped="0">
  <testcase classname="rahulshettyacademy.test.SubmitOrder" name="submitOrder" time="20.912"/>
  <system-out/>
  <testcase classname="rahulshettyacademy.test.SubmitOrder" name="submitOrder" time="9.360"/>
  <system-out/>
</testsuite> <!-- rahulshettyacademy.test.SubmitOrder -->
