<?xml version="1.0" encoding="UTF-8"?>
<!-- Generated by org.testng.reporters.JUnitReportReporter -->
<testsuite hostname="Air.local" failures="0" tests="2" name="rahulshettyacademy.test.SubmitOrder" time="43.672" errors="0" timestamp="2023-02-21T15:09:16 IST" skipped="0">
  <testcase classname="rahulshettyacademy.test.SubmitOrder" name="submitOrder" time="21.593"/>
  <system-out/>
  <testcase classname="rahulshettyacademy.test.SubmitOrder" name="submitOrder" time="22.079"/>
  <system-out/>
</testsuite> <!-- rahulshettyacademy.test.SubmitOrder -->
