<?xml version="1.0" encoding="UTF-8"?>
<!-- Generated by org.testng.reporters.JUnitReportReporter -->
<testsuite hostname="Air.local" failures="0" tests="2" name="rahulshettyacademy.test.SubmitOrder" time="74.194" errors="0" timestamp="2023-02-21T16:33:03 IST" skipped="0">
  <testcase classname="rahulshettyacademy.test.SubmitOrder" name="submitOrder" time="53.202"/>
  <system-out/>
  <testcase classname="rahulshettyacademy.test.SubmitOrder" name="submitOrder" time="20.992"/>
  <system-out/>
</testsuite> <!-- rahulshettyacademy.test.SubmitOrder -->
