<?xml version="1.0" encoding="UTF-8"?>
<!-- Generated by org.testng.reporters.JUnitReportReporter -->
<testsuite hostname="Air.local" failures="0" tests="1" name="rahulshettyacademy.test.ErrorValidationTest" time="3.470" errors="0" timestamp="2023-02-21T16:33:03 IST" skipped="0">
  <testcase classname="rahulshettyacademy.test.ErrorValidationTest" name="errorValidation" time="3.470"/>
  <system-out/>
</testsuite> <!-- rahulshettyacademy.test.ErrorValidationTest -->
